[00:06:34] [main/INFO] (FabricLoader/GameProvider) Loading Minecraft 1.20.1 with Fabric Loader 0.16.9
[00:06:34] [ForkJoinPool-1-worker-6/WARN] (FabricLoader/Metadata) The mod "haraks-deep-oceans" contains invalid entries in its mod json:
- Unsupported root entry "refmap" at line 47 column 10
[00:06:34] [main/INFO] (FabricLoader) Loading 60 mods:
	- fabric-api 0.92.2+1.20.1
	- fabric-api-base 0.4.31+1802ada577
	- fabric-api-lookup-api-v1 1.6.36+1802ada577
	- fabric-biome-api-v1 13.0.13+1802ada577
	- fabric-block-api-v1 1.0.11+1802ada577
	- fabric-block-view-api-v2 1.0.1+1802ada577
	- fabric-blockrenderlayer-v1 1.1.41+1802ada577
	- fabric-client-tags-api-v1 1.1.2+1802ada577
	- fabric-command-api-v1 1.2.34+f71b366f77
	- fabric-command-api-v2 2.2.13+1802ada577
	- fabric-commands-v0 0.2.51+df3654b377
	- fabric-containers-v0 0.1.64+df3654b377
	- fabric-content-registries-v0 4.0.11+1802ada577
	- fabric-convention-tags-v1 1.5.5+1802ada577
	- fabric-crash-report-info-v1 0.2.19+1802ada577
	- fabric-data-attachment-api-v1 1.0.0+de0fd6d177
	- fabric-data-generation-api-v1 12.3.4+1802ada577
	- fabric-dimensions-v1 2.1.54+1802ada577
	- fabric-entity-events-v1 1.6.0+1c78457f77
	- fabric-events-interaction-v0 0.6.2+1802ada577
	- fabric-events-lifecycle-v0 0.2.63+df3654b377
	- fabric-game-rule-api-v1 1.0.40+1802ada577
	- fabric-gametest-api-v1 1.2.13+1802ada577
	- fabric-item-api-v1 2.1.28+1802ada577
	- fabric-item-group-api-v1 4.0.12+1802ada577
	- fabric-key-binding-api-v1 1.0.37+1802ada577
	- fabric-keybindings-v0 0.2.35+df3654b377
	- fabric-lifecycle-events-v1 2.2.22+1802ada577
	- fabric-loot-api-v2 1.2.1+1802ada577
	- fabric-loot-tables-v1 1.1.45+9e7660c677
	- fabric-message-api-v1 5.1.9+1802ada577
	- fabric-mining-level-api-v1 2.1.50+1802ada577
	- fabric-model-loading-api-v1 1.0.3+1802ada577
	- fabric-models-v0 0.4.2+9386d8a777
	- fabric-networking-api-v1 1.3.11+1802ada577
	- fabric-networking-v0 0.3.51+df3654b377
	- fabric-object-builder-api-v1 11.1.3+1802ada577
	- fabric-particles-v1 1.1.2+1802ada577
	- fabric-recipe-api-v1 1.0.21+1802ada577
	- fabric-registry-sync-v0 2.3.3+1802ada577
	- fabric-renderer-api-v1 3.2.1+1802ada577
	- fabric-renderer-indigo 1.5.2+85287f9f77
	- fabric-renderer-registries-v1 3.2.46+df3654b377
	- fabric-rendering-data-attachment-v1 0.3.37+92a0d36777
	- fabric-rendering-fluids-v1 3.0.28+1802ada577
	- fabric-rendering-v0 1.1.49+df3654b377
	- fabric-rendering-v1 3.0.8+1802ada577
	- fabric-resource-conditions-api-v1 2.3.8+1802ada577
	- fabric-resource-loader-v0 0.11.10+1802ada577
	- fabric-screen-api-v1 2.0.8+1802ada577
	- fabric-screen-handler-api-v1 1.3.30+1802ada577
	- fabric-sound-api-v1 1.0.13+1802ada577
	- fabric-transfer-api-v1 3.3.5+8dd72ea377
	- fabric-transitive-access-wideners-v1 4.3.1+1802ada577
	- fabricloader 0.16.9
	- haraks-deep-oceans 1.0.0
	- java 17
	- minecraft 1.20.1
	- mixinextras 0.4.1
	- terrablender 3.0.0.170
[00:06:34] [main/INFO] (FabricLoader/Mixin) SpongePowered MIXIN Subsystem Version=0.8.7 Source=file:/home/haraku/.gradle/caches/modules-2/files-2.1/net.fabricmc/sponge-mixin/0.15.4+mixin.0.8.7/6a12aacc794f1078458433116e9ed42c1cc98096/sponge-mixin-0.15.4+mixin.0.8.7.jar Service=Knot/Fabric Env=CLIENT
[00:06:35] [main/INFO] (FabricLoader/Mixin) Loaded Fabric development mappings for mixin remapper!
[00:06:35] [main/INFO] (FabricLoader/Mixin) Compatibility level set to JAVA_16
[00:06:35] [main/INFO] (FabricLoader/Mixin) Compatibility level set to JAVA_17
[00:06:37] [main/INFO] (FabricLoader/MixinExtras|Service) Initializing MixinExtras via com.llamalad7.mixinextras.service.MixinExtrasServiceImpl(version=0.4.1).
[00:06:43] [Datafixer Bootstrap/INFO] (Minecraft) 188 Datafixer optimizations took 199 milliseconds
[00:06:46] [Render thread/INFO] (Minecraft) Environment: authHost='https://authserver.mojang.com', accountsHost='https://api.mojang.com', sessionHost='https://sessionserver.mojang.com', servicesHost='https://api.minecraftservices.com', name='PROD'
[00:06:48] [Render thread/ERROR] (Minecraft) Failed to verify authentication
com.mojang.authlib.exceptions.InvalidCredentialsException: Status: 401
	at com.mojang.authlib.exceptions.MinecraftClientHttpException.toAuthenticationException(MinecraftClientHttpException.java:56) ~[authlib-4.0.43.jar:?]
	at com.mojang.authlib.yggdrasil.YggdrasilUserApiService.fetchProperties(YggdrasilUserApiService.java:156) ~[authlib-4.0.43.jar:?]
	at com.mojang.authlib.yggdrasil.YggdrasilUserApiService.<init>(YggdrasilUserApiService.java:55) ~[authlib-4.0.43.jar:?]
	at com.mojang.authlib.yggdrasil.YggdrasilAuthenticationService.createUserApiService(YggdrasilAuthenticationService.java:124) ~[authlib-4.0.43.jar:?]
	at net.minecraft.client.MinecraftClient.createUserApiService(MinecraftClient.java:737) ~[minecraft-clientOnly-ceea7dbd65-1.20.1-net.fabricmc.yarn.1_20_1.1.20.1+build.10-v2.jar:?]
	at net.minecraft.client.MinecraftClient.<init>(MinecraftClient.java:502) ~[minecraft-clientOnly-ceea7dbd65-1.20.1-net.fabricmc.yarn.1_20_1.1.20.1+build.10-v2.jar:?]
	at net.minecraft.client.main.Main.main(Main.java:188) ~[minecraft-clientOnly-ceea7dbd65-1.20.1-net.fabricmc.yarn.1_20_1.1.20.1+build.10-v2.jar:?]
	at net.fabricmc.loader.impl.game.minecraft.MinecraftGameProvider.launch(MinecraftGameProvider.java:480) ~[fabric-loader-0.16.9.jar:?]
	at net.fabricmc.loader.impl.launch.knot.Knot.launch(Knot.java:74) ~[fabric-loader-0.16.9.jar:?]
	at net.fabricmc.loader.impl.launch.knot.KnotClient.main(KnotClient.java:23) ~[fabric-loader-0.16.9.jar:?]
	at net.fabricmc.devlaunchinjector.Main.main(Main.java:86) ~[dev-launch-injector-0.2.1+build.8.jar:?]
Caused by: com.mojang.authlib.exceptions.MinecraftClientHttpException: Status: 401
	at com.mojang.authlib.minecraft.client.MinecraftClient.readInputStream(MinecraftClient.java:85) ~[authlib-4.0.43.jar:?]
	at com.mojang.authlib.minecraft.client.MinecraftClient.get(MinecraftClient.java:48) ~[authlib-4.0.43.jar:?]
	at com.mojang.authlib.yggdrasil.YggdrasilUserApiService.fetchProperties(YggdrasilUserApiService.java:129) ~[authlib-4.0.43.jar:?]
	... 9 more
[00:06:48] [Render thread/INFO] (Minecraft) Setting user: Player646
[00:06:48] [Render thread/INFO] (terrablender) Registered region minecraft:overworld to index 0 for type OVERWORLD
[00:06:48] [Render thread/INFO] (terrablender) Registered region minecraft:nether to index 0 for type NETHER
[00:06:48] [Render thread/INFO] (terrablender) Registered region haraks-deep-oceans:overworld to index 1 for type OVERWORLD
[00:06:48] [Render thread/INFO] (haraks-deep-oceans) registering blocks
[00:06:48] [Render thread/INFO] (haraks-deep-oceans) Hello deep ocean
[00:06:48] [Render thread/INFO] (Indigo) [Indigo] Registering Indigo renderer!
[00:06:49] [Render thread/INFO] (FabricDataGenHelper) Running data generator for haraks-deep-oceans
[00:06:49] [Worker-Main-1/INFO] (haraks-deep-oceans) built registry
[00:06:49] [Render thread/INFO] (Minecraft) Starting provider: Haraks deep oceans/Tags for minecraft:block
[00:06:49] [Render thread/INFO] (Minecraft) Haraks deep oceans/Tags for minecraft:block finished after 454 ms
[00:06:49] [Render thread/INFO] (Minecraft) Starting provider: Haraks deep oceans/Tags for minecraft:item
[00:06:49] [Render thread/INFO] (Minecraft) Haraks deep oceans/Tags for minecraft:item finished after 0 ms
[00:06:49] [Render thread/INFO] (Minecraft) Starting provider: Haraks deep oceans/Block Loot Tables
[00:06:49] [Render thread/INFO] (Minecraft) Haraks deep oceans/Block Loot Tables finished after 49 ms
[00:06:49] [Render thread/INFO] (Minecraft) Starting provider: Haraks deep oceans/Recipes
[00:06:49] [Render thread/INFO] (Minecraft) Haraks deep oceans/Recipes finished after 1 ms
[00:06:49] [Render thread/INFO] (Minecraft) Starting provider: Haraks deep oceans/Model Definitions
[00:06:49] [Render thread/INFO] (Minecraft) Haraks deep oceans/Model Definitions finished after 61 ms
[00:06:49] [Render thread/INFO] (Minecraft) Starting provider: Haraks deep oceans/World Gen
[00:06:49] [Render thread/INFO] (Minecraft) Haraks deep oceans/World Gen finished after 41 ms
[00:06:49] [Render thread/INFO] (Minecraft) All providers took: 612 ms
[00:06:49] [Render thread/INFO] (Minecraft) Caching: total files: 33, old count: 33, new count: 34, removed stale: 0, written: 0
